<?xml version="1.0" encoding="UTF-8"?>
<testsuite xmlns:xsi="http://www.w3.org/2001/XMLSchema-instance" xsi:noNamespaceSchemaLocation="https://maven.apache.org/surefire/maven-surefire-plugin/xsd/surefire-test-report.xsd" name="boostbrain.AppTest" time="0.014" tests="1" errors="0" skipped="0" failures="0">
  <properties>
    <property name="sun.desktop" value="windows"/>
    <property name="awt.toolkit" value="sun.awt.windows.WToolkit"/>
    <property name="file.encoding.pkg" value="sun.io"/>
    <property name="java.specification.version" value="1.8"/>
    <property name="sun.cpu.isalist" value="amd64"/>
    <property name="sun.jnu.encoding" value="Cp1251"/>
    <property name="java.class.path" value="C:\Users\oxana\IdeaProjects\chtBot\target\test-classes;C:\Users\oxana\IdeaProjects\chtBot\target\classes;C:\Users\oxana\.m2\repository\junit\junit\4.11\junit-4.11.jar;C:\Users\oxana\.m2\repository\org\hamcrest\hamcrest-core\1.3\hamcrest-core-1.3.jar;C:\Users\oxana\.m2\repository\com\google\firebase\firebase-admin\6.5.0\firebase-admin-6.5.0.jar;C:\Users\oxana\.m2\repository\com\google\api-client\google-api-client\1.25.0\google-api-client-1.25.0.jar;C:\Users\oxana\.m2\repository\com\google\oauth-client\google-oauth-client\1.25.0\google-oauth-client-1.25.0.jar;C:\Users\oxana\.m2\repository\com\google\http-client\google-http-client-jackson2\1.25.0\google-http-client-jackson2-1.25.0.jar;C:\Users\oxana\.m2\repository\com\fasterxml\jackson\core\jackson-core\2.9.6\jackson-core-2.9.6.jar;C:\Users\oxana\.m2\repository\com\google\api-client\google-api-client-gson\1.25.0\google-api-client-gson-1.25.0.jar;C:\Users\oxana\.m2\repository\com\google\http-client\google-http-client-gson\1.25.0\google-http-client-gson-1.25.0.jar;C:\Users\oxana\.m2\repository\com\google\code\gson\gson\2.1\gson-2.1.jar;C:\Users\oxana\.m2\repository\com\google\http-client\google-http-client\1.25.0\google-http-client-1.25.0.jar;C:\Users\oxana\.m2\repository\com\google\code\findbugs\jsr305\3.0.2\jsr305-3.0.2.jar;C:\Users\oxana\.m2\repository\org\apache\httpcomponents\httpclient\4.5.5\httpclient-4.5.5.jar;C:\Users\oxana\.m2\repository\org\apache\httpcomponents\httpcore\4.4.9\httpcore-4.4.9.jar;C:\Users\oxana\.m2\repository\commons-logging\commons-logging\1.2\commons-logging-1.2.jar;C:\Users\oxana\.m2\repository\commons-codec\commons-codec\1.10\commons-codec-1.10.jar;C:\Users\oxana\.m2\repository\com\google\j2objc\j2objc-annotations\1.1\j2objc-annotations-1.1.jar;C:\Users\oxana\.m2\repository\com\google\api\api-common\1.7.0\api-common-1.7.0.jar;C:\Users\oxana\.m2\repository\com\google\auth\google-auth-library-oauth2-http\0.11.0\google-auth-library-oauth2-http-0.11.0.jar;C:\Users\oxana\.m2\repository\com\google\auth\google-auth-library-credentials\0.11.0\google-auth-library-credentials-0.11.0.jar;C:\Users\oxana\.m2\repository\com\google\cloud\google-cloud-storage\1.43.0\google-cloud-storage-1.43.0.jar;C:\Users\oxana\.m2\repository\com\google\cloud\google-cloud-core\1.43.0\google-cloud-core-1.43.0.jar;C:\Users\oxana\.m2\repository\joda-time\joda-time\2.9.2\joda-time-2.9.2.jar;C:\Users\oxana\.m2\repository\com\google\api\gax\1.30.0\gax-1.30.0.jar;C:\Users\oxana\.m2\repository\com\google\protobuf\protobuf-java-util\3.6.0\protobuf-java-util-3.6.0.jar;C:\Users\oxana\.m2\repository\com\google\api\grpc\proto-google-common-protos\1.12.0\proto-google-common-protos-1.12.0.jar;C:\Users\oxana\.m2\repository\com\google\api\grpc\proto-google-iam-v1\0.12.0\proto-google-iam-v1-0.12.0.jar;C:\Users\oxana\.m2\repository\com\google\cloud\google-cloud-core-http\1.43.0\google-cloud-core-http-1.43.0.jar;C:\Users\oxana\.m2\repository\com\google\http-client\google-http-client-appengine\1.24.1\google-http-client-appengine-1.24.1.jar;C:\Users\oxana\.m2\repository\com\google\http-client\google-http-client-jackson\1.24.1\google-http-client-jackson-1.24.1.jar;C:\Users\oxana\.m2\repository\org\codehaus\jackson\jackson-core-asl\1.9.11\jackson-core-asl-1.9.11.jar;C:\Users\oxana\.m2\repository\com\google\api\gax-httpjson\0.47.0\gax-httpjson-0.47.0.jar;C:\Users\oxana\.m2\repository\io\opencensus\opencensus-contrib-http-util\0.15.0\opencensus-contrib-http-util-0.15.0.jar;C:\Users\oxana\.m2\repository\com\google\apis\google-api-services-storage\v1-rev135-1.24.1\google-api-services-storage-v1-rev135-1.24.1.jar;C:\Users\oxana\.m2\repository\com\google\cloud\google-cloud-firestore\0.61.0-beta\google-cloud-firestore-0.61.0-beta.jar;C:\Users\oxana\.m2\repository\com\google\cloud\google-cloud-core-grpc\1.43.0\google-cloud-core-grpc-1.43.0.jar;C:\Users\oxana\.m2\repository\com\google\protobuf\protobuf-java\3.6.0\protobuf-java-3.6.0.jar;C:\Users\oxana\.m2\repository\io\grpc\grpc-protobuf\1.13.1\grpc-protobuf-1.13.1.jar;C:\Users\oxana\.m2\repository\io\grpc\grpc-protobuf-lite\1.13.1\grpc-protobuf-lite-1.13.1.jar;C:\Users\oxana\.m2\repository\io\grpc\grpc-context\1.13.1\grpc-context-1.13.1.jar;C:\Users\oxana\.m2\repository\com\google\api\gax-grpc\1.30.0\gax-grpc-1.30.0.jar;C:\Users\oxana\.m2\repository\org\threeten\threetenbp\1.3.3\threetenbp-1.3.3.jar;C:\Users\oxana\.m2\repository\com\google\api\grpc\proto-google-cloud-firestore-v1beta1\0.26.0\proto-google-cloud-firestore-v1beta1-0.26.0.jar;C:\Users\oxana\.m2\repository\com\google\auto\value\auto-value\1.4\auto-value-1.4.jar;C:\Users\oxana\.m2\repository\io\grpc\grpc-netty-shaded\1.13.1\grpc-netty-shaded-1.13.1.jar;C:\Users\oxana\.m2\repository\io\grpc\grpc-core\1.13.1\grpc-core-1.13.1.jar;C:\Users\oxana\.m2\repository\com\google\errorprone\error_prone_annotations\2.1.2\error_prone_annotations-2.1.2.jar;C:\Users\oxana\.m2\repository\io\opencensus\opencensus-contrib-grpc-metrics\0.12.3\opencensus-contrib-grpc-metrics-0.12.3.jar;C:\Users\oxana\.m2\repository\io\grpc\grpc-stub\1.13.1\grpc-stub-1.13.1.jar;C:\Users\oxana\.m2\repository\io\grpc\grpc-auth\1.13.1\grpc-auth-1.13.1.jar;C:\Users\oxana\.m2\repository\io\opencensus\opencensus-api\0.15.0\opencensus-api-0.15.0.jar;C:\Users\oxana\.m2\repository\io\opencensus\opencensus-contrib-grpc-util\0.15.0\opencensus-contrib-grpc-util-0.15.0.jar;C:\Users\oxana\.m2\repository\com\google\guava\guava\20.0\guava-20.0.jar;C:\Users\oxana\.m2\repository\org\json\json\20160810\json-20160810.jar;C:\Users\oxana\.m2\repository\org\slf4j\slf4j-api\1.7.25\slf4j-api-1.7.25.jar;C:\Users\oxana\.m2\repository\io\netty\netty-codec-http\4.1.22.Final\netty-codec-http-4.1.22.Final.jar;C:\Users\oxana\.m2\repository\io\netty\netty-codec\4.1.22.Final\netty-codec-4.1.22.Final.jar;C:\Users\oxana\.m2\repository\io\netty\netty-handler\4.1.22.Final\netty-handler-4.1.22.Final.jar;C:\Users\oxana\.m2\repository\io\netty\netty-buffer\4.1.22.Final\netty-buffer-4.1.22.Final.jar;C:\Users\oxana\.m2\repository\io\netty\netty-common\4.1.22.Final\netty-common-4.1.22.Final.jar;C:\Users\oxana\.m2\repository\io\netty\netty-transport\4.1.22.Final\netty-transport-4.1.22.Final.jar;C:\Users\oxana\.m2\repository\io\netty\netty-resolver\4.1.22.Final\netty-resolver-4.1.22.Final.jar;"/>
    <property name="java.vm.vendor" value="Oracle Corporation"/>
    <property name="sun.arch.data.model" value="64"/>
    <property name="user.variant" value=""/>
    <property name="java.vendor.url" value="http://java.oracle.com/"/>
    <property name="user.timezone" value=""/>
    <property name="java.vm.specification.version" value="1.8"/>
    <property name="os.name" value="Windows 10"/>
    <property name="user.country" value="RU"/>
    <property name="sun.java.launcher" value="SUN_STANDARD"/>
    <property name="sun.boot.library.path" value="C:\Program Files\Java\jdk1.8.0_181\jre\bin"/>
    <property name="sun.java.command" value="C:\Users\oxana\AppData\Local\Temp\surefire4060123603552010369\surefirebooter3067596992601733796.jar C:\Users\oxana\AppData\Local\Temp\surefire4060123603552010369 2018-11-21T19-21-48_077-jvmRun1 surefire3275841776227264277tmp surefire_03130289147597729185tmp"/>
    <property name="surefire.test.class.path" value="C:\Users\oxana\IdeaProjects\chtBot\target\test-classes;C:\Users\oxana\IdeaProjects\chtBot\target\classes;C:\Users\oxana\.m2\repository\junit\junit\4.11\junit-4.11.jar;C:\Users\oxana\.m2\repository\org\hamcrest\hamcrest-core\1.3\hamcrest-core-1.3.jar;C:\Users\oxana\.m2\repository\com\google\firebase\firebase-admin\6.5.0\firebase-admin-6.5.0.jar;C:\Users\oxana\.m2\repository\com\google\api-client\google-api-client\1.25.0\google-api-client-1.25.0.jar;C:\Users\oxana\.m2\repository\com\google\oauth-client\google-oauth-client\1.25.0\google-oauth-client-1.25.0.jar;C:\Users\oxana\.m2\repository\com\google\http-client\google-http-client-jackson2\1.25.0\google-http-client-jackson2-1.25.0.jar;C:\Users\oxana\.m2\repository\com\fasterxml\jackson\core\jackson-core\2.9.6\jackson-core-2.9.6.jar;C:\Users\oxana\.m2\repository\com\google\api-client\google-api-client-gson\1.25.0\google-api-client-gson-1.25.0.jar;C:\Users\oxana\.m2\repository\com\google\http-client\google-http-client-gson\1.25.0\google-http-client-gson-1.25.0.jar;C:\Users\oxana\.m2\repository\com\google\code\gson\gson\2.1\gson-2.1.jar;C:\Users\oxana\.m2\repository\com\google\http-client\google-http-client\1.25.0\google-http-client-1.25.0.jar;C:\Users\oxana\.m2\repository\com\google\code\findbugs\jsr305\3.0.2\jsr305-3.0.2.jar;C:\Users\oxana\.m2\repository\org\apache\httpcomponents\httpclient\4.5.5\httpclient-4.5.5.jar;C:\Users\oxana\.m2\repository\org\apache\httpcomponents\httpcore\4.4.9\httpcore-4.4.9.jar;C:\Users\oxana\.m2\repository\commons-logging\commons-logging\1.2\commons-logging-1.2.jar;C:\Users\oxana\.m2\repository\commons-codec\commons-codec\1.10\commons-codec-1.10.jar;C:\Users\oxana\.m2\repository\com\google\j2objc\j2objc-annotations\1.1\j2objc-annotations-1.1.jar;C:\Users\oxana\.m2\repository\com\google\api\api-common\1.7.0\api-common-1.7.0.jar;C:\Users\oxana\.m2\repository\com\google\auth\google-auth-library-oauth2-http\0.11.0\google-auth-library-oauth2-http-0.11.0.jar;C:\Users\oxana\.m2\repository\com\google\auth\google-auth-library-credentials\0.11.0\google-auth-library-credentials-0.11.0.jar;C:\Users\oxana\.m2\repository\com\google\cloud\google-cloud-storage\1.43.0\google-cloud-storage-1.43.0.jar;C:\Users\oxana\.m2\repository\com\google\cloud\google-cloud-core\1.43.0\google-cloud-core-1.43.0.jar;C:\Users\oxana\.m2\repository\joda-time\joda-time\2.9.2\joda-time-2.9.2.jar;C:\Users\oxana\.m2\repository\com\google\api\gax\1.30.0\gax-1.30.0.jar;C:\Users\oxana\.m2\repository\com\google\protobuf\protobuf-java-util\3.6.0\protobuf-java-util-3.6.0.jar;C:\Users\oxana\.m2\repository\com\google\api\grpc\proto-google-common-protos\1.12.0\proto-google-common-protos-1.12.0.jar;C:\Users\oxana\.m2\repository\com\google\api\grpc\proto-google-iam-v1\0.12.0\proto-google-iam-v1-0.12.0.jar;C:\Users\oxana\.m2\repository\com\google\cloud\google-cloud-core-http\1.43.0\google-cloud-core-http-1.43.0.jar;C:\Users\oxana\.m2\repository\com\google\http-client\google-http-client-appengine\1.24.1\google-http-client-appengine-1.24.1.jar;C:\Users\oxana\.m2\repository\com\google\http-client\google-http-client-jackson\1.24.1\google-http-client-jackson-1.24.1.jar;C:\Users\oxana\.m2\repository\org\codehaus\jackson\jackson-core-asl\1.9.11\jackson-core-asl-1.9.11.jar;C:\Users\oxana\.m2\repository\com\google\api\gax-httpjson\0.47.0\gax-httpjson-0.47.0.jar;C:\Users\oxana\.m2\repository\io\opencensus\opencensus-contrib-http-util\0.15.0\opencensus-contrib-http-util-0.15.0.jar;C:\Users\oxana\.m2\repository\com\google\apis\google-api-services-storage\v1-rev135-1.24.1\google-api-services-storage-v1-rev135-1.24.1.jar;C:\Users\oxana\.m2\repository\com\google\cloud\google-cloud-firestore\0.61.0-beta\google-cloud-firestore-0.61.0-beta.jar;C:\Users\oxana\.m2\repository\com\google\cloud\google-cloud-core-grpc\1.43.0\google-cloud-core-grpc-1.43.0.jar;C:\Users\oxana\.m2\repository\com\google\protobuf\protobuf-java\3.6.0\protobuf-java-3.6.0.jar;C:\Users\oxana\.m2\repository\io\grpc\grpc-protobuf\1.13.1\grpc-protobuf-1.13.1.jar;C:\Users\oxana\.m2\repository\io\grpc\grpc-protobuf-lite\1.13.1\grpc-protobuf-lite-1.13.1.jar;C:\Users\oxana\.m2\repository\io\grpc\grpc-context\1.13.1\grpc-context-1.13.1.jar;C:\Users\oxana\.m2\repository\com\google\api\gax-grpc\1.30.0\gax-grpc-1.30.0.jar;C:\Users\oxana\.m2\repository\org\threeten\threetenbp\1.3.3\threetenbp-1.3.3.jar;C:\Users\oxana\.m2\repository\com\google\api\grpc\proto-google-cloud-firestore-v1beta1\0.26.0\proto-google-cloud-firestore-v1beta1-0.26.0.jar;C:\Users\oxana\.m2\repository\com\google\auto\value\auto-value\1.4\auto-value-1.4.jar;C:\Users\oxana\.m2\repository\io\grpc\grpc-netty-shaded\1.13.1\grpc-netty-shaded-1.13.1.jar;C:\Users\oxana\.m2\repository\io\grpc\grpc-core\1.13.1\grpc-core-1.13.1.jar;C:\Users\oxana\.m2\repository\com\google\errorprone\error_prone_annotations\2.1.2\error_prone_annotations-2.1.2.jar;C:\Users\oxana\.m2\repository\io\opencensus\opencensus-contrib-grpc-metrics\0.12.3\opencensus-contrib-grpc-metrics-0.12.3.jar;C:\Users\oxana\.m2\repository\io\grpc\grpc-stub\1.13.1\grpc-stub-1.13.1.jar;C:\Users\oxana\.m2\repository\io\grpc\grpc-auth\1.13.1\grpc-auth-1.13.1.jar;C:\Users\oxana\.m2\repository\io\opencensus\opencensus-api\0.15.0\opencensus-api-0.15.0.jar;C:\Users\oxana\.m2\repository\io\opencensus\opencensus-contrib-grpc-util\0.15.0\opencensus-contrib-grpc-util-0.15.0.jar;C:\Users\oxana\.m2\repository\com\google\guava\guava\20.0\guava-20.0.jar;C:\Users\oxana\.m2\repository\org\json\json\20160810\json-20160810.jar;C:\Users\oxana\.m2\repository\org\slf4j\slf4j-api\1.7.25\slf4j-api-1.7.25.jar;C:\Users\oxana\.m2\repository\io\netty\netty-codec-http\4.1.22.Final\netty-codec-http-4.1.22.Final.jar;C:\Users\oxana\.m2\repository\io\netty\netty-codec\4.1.22.Final\netty-codec-4.1.22.Final.jar;C:\Users\oxana\.m2\repository\io\netty\netty-handler\4.1.22.Final\netty-handler-4.1.22.Final.jar;C:\Users\oxana\.m2\repository\io\netty\netty-buffer\4.1.22.Final\netty-buffer-4.1.22.Final.jar;C:\Users\oxana\.m2\repository\io\netty\netty-common\4.1.22.Final\netty-common-4.1.22.Final.jar;C:\Users\oxana\.m2\repository\io\netty\netty-transport\4.1.22.Final\netty-transport-4.1.22.Final.jar;C:\Users\oxana\.m2\repository\io\netty\netty-resolver\4.1.22.Final\netty-resolver-4.1.22.Final.jar;"/>
    <property name="sun.cpu.endian" value="little"/>
    <property name="user.home" value="C:\Users\oxana"/>
    <property name="user.language" value="ru"/>
    <property name="java.specification.vendor" value="Oracle Corporation"/>
    <property name="java.home" value="C:\Program Files\Java\jdk1.8.0_181\jre"/>
    <property name="basedir" value="C:\Users\oxana\IdeaProjects\chtBot"/>
    <property name="file.separator" value="\"/>
    <property name="line.separator" value="&#10;"/>
    <property name="java.vm.specification.vendor" value="Oracle Corporation"/>
    <property name="java.specification.name" value="Java Platform API Specification"/>
    <property name="java.awt.graphicsenv" value="sun.awt.Win32GraphicsEnvironment"/>
    <property name="surefire.real.class.path" value="C:\Users\oxana\AppData\Local\Temp\surefire4060123603552010369\surefirebooter3067596992601733796.jar"/>
    <property name="sun.boot.class.path" value="C:\Program Files\Java\jdk1.8.0_181\jre\lib\resources.jar;C:\Program Files\Java\jdk1.8.0_181\jre\lib\rt.jar;C:\Program Files\Java\jdk1.8.0_181\jre\lib\sunrsasign.jar;C:\Program Files\Java\jdk1.8.0_181\jre\lib\jsse.jar;C:\Program Files\Java\jdk1.8.0_181\jre\lib\jce.jar;C:\Program Files\Java\jdk1.8.0_181\jre\lib\charsets.jar;C:\Program Files\Java\jdk1.8.0_181\jre\lib\jfr.jar;C:\Program Files\Java\jdk1.8.0_181\jre\classes"/>
    <property name="user.script" value=""/>
    <property name="sun.management.compiler" value="HotSpot 64-Bit Tiered Compilers"/>
    <property name="java.runtime.version" value="1.8.0_181-b13"/>
    <property name="user.name" value="oxana"/>
    <property name="path.separator" value=";"/>
    <property name="os.version" value="10.0"/>
    <property name="java.endorsed.dirs" value="C:\Program Files\Java\jdk1.8.0_181\jre\lib\endorsed"/>
    <property name="java.runtime.name" value="Java(TM) SE Runtime Environment"/>
    <property name="file.encoding" value="Cp1251"/>
    <property name="java.vm.name" value="Java HotSpot(TM) 64-Bit Server VM"/>
    <property name="localRepository" value="C:\Users\oxana\.m2\repository"/>
    <property name="java.vendor.url.bug" value="http://bugreport.sun.com/bugreport/"/>
    <property name="java.io.tmpdir" value="C:\Users\oxana\AppData\Local\Temp\"/>
    <property name="java.version" value="1.8.0_181"/>
    <property name="user.dir" value="C:\Users\oxana\IdeaProjects\chtBot"/>
    <property name="os.arch" value="amd64"/>
    <property name="java.vm.specification.name" value="Java Virtual Machine Specification"/>
    <property name="java.awt.printerjob" value="sun.awt.windows.WPrinterJob"/>
    <property name="sun.os.patch.level" value=""/>
    <property name="java.library.path" value="C:\Program Files\Java\jdk1.8.0_181\jre\bin;C:\Windows\Sun\Java\bin;C:\Windows\system32;C:\Windows;C:\Program Files (x86)\Common Files\Oracle\Java\javapath;C:\Windows\system32;C:\Windows;C:\Windows\System32\Wbem;C:\Windows\System32\WindowsPowerShell\v1.0\;C:\Windows\System32\OpenSSH\;C:\Program Files\Git\cmd;C:\Users\oxana\AppData\Local\Microsoft\WindowsApps;C:\Users\oxana\IdeaProjects\apache-maven-3.6.0-bin\apache-maven-3.6.0\bin;;."/>
    <property name="java.vm.info" value="mixed mode"/>
    <property name="java.vendor" value="Oracle Corporation"/>
    <property name="java.vm.version" value="25.181-b13"/>
    <property name="java.ext.dirs" value="C:\Program Files\Java\jdk1.8.0_181\jre\lib\ext;C:\Windows\Sun\Java\lib\ext"/>
    <property name="sun.io.unicode.encoding" value="UnicodeLittle"/>
    <property name="java.class.version" value="52.0"/>
  </properties>
  <testcase name="shouldAnswerWithTrue" classname="boostbrain.AppTest" time="0.002"/>
</testsuite>